0 info it worked if it ends with ok
1 verbose cli [ '/Users/Season/.nvm/versions/node/v7.4.0/bin/node',
1 verbose cli   '/Users/Season/.nvm/versions/node/v7.4.0/bin/npm',
1 verbose cli   'publish' ]
2 info using npm@4.0.5
3 info using node@v7.4.0
4 verbose publish [ '.' ]
5 silly cache add args [ '.', null ]
6 verbose cache add spec .
7 silly cache add parsed spec Result {
7 silly cache add   raw: '.',
7 silly cache add   scope: null,
7 silly cache add   escapedName: null,
7 silly cache add   name: null,
7 silly cache add   rawSpec: '.',
7 silly cache add   spec: '/Users/Season/Desktop/excel-builder',
7 silly cache add   type: 'directory' }
8 verbose addLocalDirectory /Users/Season/.npm/viva-excel/1.0.0/package.tgz not in flight; packing
9 verbose correctMkdir /Users/Season/.npm correctMkdir not in flight; initializing
10 info lifecycle viva-excel@1.0.0~prepublish: viva-excel@1.0.0
11 silly lifecycle viva-excel@1.0.0~prepublish: no script for prepublish, continuing
12 info lifecycle viva-excel@1.0.0~prepare: viva-excel@1.0.0
13 silly lifecycle viva-excel@1.0.0~prepare: no script for prepare, continuing
14 verbose tar pack [ '/Users/Season/.npm/viva-excel/1.0.0/package.tgz',
14 verbose tar pack   '/Users/Season/Desktop/excel-builder' ]
15 verbose tarball /Users/Season/.npm/viva-excel/1.0.0/package.tgz
16 verbose folder /Users/Season/Desktop/excel-builder
17 verbose addLocalTarball adding from inside cache /Users/Season/.npm/viva-excel/1.0.0/package.tgz
18 verbose correctMkdir /Users/Season/.npm correctMkdir not in flight; initializing
19 silly cache afterAdd viva-excel@1.0.0
20 verbose afterAdd /Users/Season/.npm/viva-excel/1.0.0/package/package.json not in flight; writing
21 verbose correctMkdir /Users/Season/.npm correctMkdir not in flight; initializing
22 verbose afterAdd /Users/Season/.npm/viva-excel/1.0.0/package/package.json written
23 silly publish { name: 'viva-excel',
23 silly publish   version: '1.0.0',
23 silly publish   description: 'excel',
23 silly publish   main: 'src/index.js',
23 silly publish   dependencies: {},
23 silly publish   devDependencies: {},
23 silly publish   scripts: { test: 'echo "Error: no test specified" && exit 1' },
23 silly publish   repository:
23 silly publish    { type: 'git',
23 silly publish      url: 'git+https://github.com/XueSeason/excel-builder.git' },
23 silly publish   keywords: [ 'excel' ],
23 silly publish   author: { name: 'XueSeason' },
23 silly publish   license: 'MIT',
23 silly publish   bugs: { url: 'https://github.com/XueSeason/excel-builder/issues' },
23 silly publish   homepage: 'https://github.com/XueSeason/excel-builder#readme',
23 silly publish   readme: '![bounties received](https://www.bountysource.com/badge/team?team_id=59027&style=bounties_received)\r\n\r\nexcel-builder.js\r\n================\r\n\r\nA way to build excel files with javascript\r\n\r\nDocumentation at http://excelbuilderjs.com/. This is slightly outdated, but includes a \'cookbook\' and some \r\nAPI documentation. New site coming soon with up-to-date documentation, and ability to contribute - see [https://github.com/stephenliberty/excel-builder-site](https://github.com/stephenliberty/excel-builder-site)\r\n\r\nInstalling via NPM\r\n------------------\r\n\r\n\tnpm install excel-builder\r\n\r\n\r\nBuilding for web\r\n----------------\r\n\r\nInstall Grunt:\r\n\r\n\tnpm install -g grunt-cli\r\n\r\nInstall dependencies:\r\n\r\n\tnpm install\r\n\r\nBuild & uglify:\r\n\r\n\tgrunt\r\n\r\nDistributables\r\n---------------\r\nexcel-builder.compiled.js -> All files in the EB package and all dependencies.\r\n\r\nexcel-builder.dist.js -> All files in the EB package. Requires lodash and jszip scripts to be loaded on the page.\r\n\r\nContributing\r\n-------------\r\n\r\nOriginally this project was sort of sponsored by a previous company I worked for. Unfortunately now it has no backing, and my time is very limited while I work on side projects to help make ends meet. If you use bountysource or contribute via paypal (to stephen@liberty-irm.com) to open up bounties on issues, it is very, very likely that I will add features and fix issues sooner than later. \r\n\r\nOtherwise, if you have the ability to contribute yourself, please just do so as normal - I\'ll review and pull changes as they come in as quickly as I can. \r\n# excel-builder\n',
23 silly publish   readmeFilename: 'README.md',
23 silly publish   gitHead: 'b1039766a0e921abdf71da3194ee9484d2b6c671',
23 silly publish   _id: 'viva-excel@1.0.0',
23 silly publish   _shasum: 'e723b11bcbef42c8ec559f71c49d6d8da1b67a74',
23 silly publish   _from: '.' }
24 info lifecycle viva-excel@1.0.0~prepublishOnly: viva-excel@1.0.0
25 silly lifecycle viva-excel@1.0.0~prepublishOnly: no script for prepublishOnly, continuing
26 verbose getPublishConfig undefined
27 silly mapToRegistry name viva-excel
28 silly mapToRegistry using default registry
29 silly mapToRegistry registry https://registry.npm.taobao.org/
30 silly mapToRegistry data Result {
30 silly mapToRegistry   raw: 'viva-excel',
30 silly mapToRegistry   scope: null,
30 silly mapToRegistry   escapedName: 'viva-excel',
30 silly mapToRegistry   name: 'viva-excel',
30 silly mapToRegistry   rawSpec: '',
30 silly mapToRegistry   spec: 'latest',
30 silly mapToRegistry   type: 'tag' }
31 silly mapToRegistry uri https://registry.npm.taobao.org/viva-excel
32 verbose publish registryBase https://registry.npm.taobao.org/
33 silly publish uploading /Users/Season/.npm/viva-excel/1.0.0/package.tgz
34 verbose request uri https://registry.npm.taobao.org/viva-excel
35 verbose request sending authorization for write operation
36 info attempt registry request try #1 at 13:58:40
37 verbose request id 5aeaeca37dac6b28
38 http request PUT https://registry.npm.taobao.org/viva-excel
39 http 403 https://registry.npm.taobao.org/viva-excel
40 verbose headers { date: 'Tue, 07 Feb 2017 05:58:40 GMT',
40 verbose headers   'content-type': 'application/json; charset=utf-8',
40 verbose headers   'content-length': '87',
40 verbose headers   connection: 'keep-alive',
40 verbose headers   'x-current-requests': '1',
40 verbose headers   'x-readtime': '15' }
41 verbose request invalidating /Users/Season/.npm/registry.npm.taobao.org/viva-excel on PUT
42 error publish Failed PUT 403
43 verbose stack Error: no_perms Private mode enable, only admin can publish this module: viva-excel
43 verbose stack     at makeError (/Users/Season/.nvm/versions/node/v7.4.0/lib/node_modules/npm/node_modules/npm-registry-client/lib/request.js:302:12)
43 verbose stack     at CachingRegistryClient.<anonymous> (/Users/Season/.nvm/versions/node/v7.4.0/lib/node_modules/npm/node_modules/npm-registry-client/lib/request.js:290:14)
43 verbose stack     at Request._callback (/Users/Season/.nvm/versions/node/v7.4.0/lib/node_modules/npm/node_modules/npm-registry-client/lib/request.js:210:14)
43 verbose stack     at Request.self.callback (/Users/Season/.nvm/versions/node/v7.4.0/lib/node_modules/npm/node_modules/request/request.js:186:22)
43 verbose stack     at emitTwo (events.js:106:13)
43 verbose stack     at Request.emit (events.js:191:7)
43 verbose stack     at Request.<anonymous> (/Users/Season/.nvm/versions/node/v7.4.0/lib/node_modules/npm/node_modules/request/request.js:1081:10)
43 verbose stack     at emitOne (events.js:96:13)
43 verbose stack     at Request.emit (events.js:188:7)
43 verbose stack     at IncomingMessage.<anonymous> (/Users/Season/.nvm/versions/node/v7.4.0/lib/node_modules/npm/node_modules/request/request.js:1001:12)
44 verbose statusCode 403
45 verbose pkgid viva-excel
46 verbose cwd /Users/Season/Desktop/excel-builder
47 error Darwin 16.4.0
48 error argv "/Users/Season/.nvm/versions/node/v7.4.0/bin/node" "/Users/Season/.nvm/versions/node/v7.4.0/bin/npm" "publish"
49 error node v7.4.0
50 error npm  v4.0.5
51 error code E403
52 error no_perms Private mode enable, only admin can publish this module: viva-excel
53 error If you need help, you may report this error at:
53 error     <https://github.com/npm/npm/issues>
54 verbose exit [ 1, true ]
